:0: UserWarning: The keyword `bot` in your user_agent may be problematic.
-Checking Comment-
-Checking Comment-
-Checking Comment-
-Replying to Comment-
-* NOT POST LINK *-
CREATING: 2009 NISSAN ALTIMA MUST C TO BELIEVE
CREATING: 2002 toyota rav4
CREATING: 2004 Buick LeSabre Custom ONLY 42k mi
CREATING: 2006 chevy equinox Ls
CREATING: 2006 INFINITI G35 EXCELLENT CONDITION
-Checking Comment-
-Checking Comment-
-Replying to Comment-
-* NOT POST LINK *-
CREATING: 2009 NISSAN ALTIMA MUST C TO BELIEVE
CREATING: 2002 toyota rav4
CREATING: 2004 Buick LeSabre Custom ONLY 42k mi
CREATING: 2006 chevy equinox Ls
CREATING: 2006 INFINITI G35 EXCELLENT CONDITION
-Checking Submission-
-Replying to Submission-
-* NOT POST LINK *-
CREATING: 2009 NISSAN ALTIMA MUST C TO BELIEVE
CREATING: 2002 toyota rav4
CREATING: 2004 Buick LeSabre Custom ONLY 42k mi
CREATING: 2006 chevy equinox Ls
CREATING: 2006 INFINITI G35 EXCELLENT CONDITION
-Checking Submission-
-Replying to Submission-
-* NOT POST LINK *-
CREATING: 2009 NISSAN ALTIMA MUST C TO BELIEVE
CREATING: 2002 toyota rav4
CREATING: 2004 Buick LeSabre Custom ONLY 42k mi
CREATING: 2006 chevy equinox Ls
CREATING: 2006 INFINITI G35 EXCELLENT CONDITION
-Checking Submission-
-Replying to Submission-
-* NOT POST LINK *-
CREATING: 2009 NISSAN ALTIMA MUST C TO BELIEVE
CREATING: 2002 toyota rav4
CREATING: 2004 Buick LeSabre Custom ONLY 42k mi
CREATING: 2006 chevy equinox Ls
CREATING: 2006 INFINITI G35 EXCELLENT CONDITION
-Checking Submission-
-Replying to Submission-
-* NOT POST LINK *-
CREATING: 1999 Mercury Villager
CREATING: 2014 honda odyssey
CREATING: 2013 nissan rouge sl
-Checking Submission-
-Checking Comment-
-Checking Comment-
-Checking Comment-
-Checking Comment-
-Checking Comment-
-Checking Comment-
